-e 

        [31;47mJack Telegram Bot[0m

         By Iman Daneshi

              [5mV 1.0[0m

[0m[1m[31m@terimaabot
Baba Ramdev
311520970[0m
[0m
[0m[30m[47m110626080[0m[1m[32m Added as admin[0m[0m
[0m[30m[47m123456789[0m[1m[32m Added as admin[0m[0m
[0m[30m[47m218097685[0m[1m[32m Added as admin[0m[0m


[0mPlugin [30m[47madmin[0m loaded[0m
[0mPlugin [30m[47mcalculator[0m loaded[0m
[0mPlugin [30m[47mcurrency[0m loaded[0m
[0mPlugin [30m[47mdogify[0m loaded[0m
[0mPlugin [30m[47mget[0m loaded[0m
[0mPlugin [30m[47mgiphy[0m loaded[0m
[0mPlugin [30m[47mhelp[0m loaded[0m
[0mPlugin [30m[47mipinfo[0m loaded[0m
[0mPlugin [30m[47mlmgtfy[0m loaded[0m
[0mPlugin [30m[47mlocation[0m loaded[0m
[0mPlugin [30m[47mme[0m loaded[0m
[0mPlugin [30m[47mpoll[0m loaded[0m
[0mPlugin [30m[47mreactions[0m loaded[0m
[0mPlugin [30m[47mremind[0m loaded[0m
[0mPlugin [30m[47mset[0m loaded[0m
[0mPlugin [30m[47mslap[0m loaded[0m
[0mPlugin [30m[47mstats[0m loaded[0m
[0mPlugin [30m[47msticker[0m loaded[0m
[0mPlugin [30m[47mtalk[0m loaded[0m
[0mPlugin [30m[47mtelegramCli[0m loaded[0m
[0mPlugin [30m[47mtranslate[0m loaded[0m
[0mPlugin [30m[47murbandictionary[0m loaded[0m
[0mPlugin [30m[47mweather[0m loaded[0m
[0mPlugin [30m[47mwebshot[0m loaded[0m
[0mPlugin [30m[47mwho[0m loaded[0m
[0mPlugin [30m[47mwikipedia[0m loaded[0m
[0m

[31m[ 10:00:42 ]  [0m [32mAditya Singh @De_etz [218097685][0m [35mPrivate[0m

[1m[34m/help[0m[0m
plugin help triggered: ^[/!#](help)$
[0m

[31m[ 10:01:31 ]  [0m [32mAditya Singh @De_etz [218097685][0m [35mPrivate[0m

[1m[34m/help[0m[0m
plugin help triggered: ^[/!#](help)$
[0m

[31m[ 10:01:41 ]  [0m [32mAditya Singh @De_etz [218097685][0m [35mPrivate[0m

[1m[34m/help[0m[0m
plugin help triggered: ^[/!#](help)$
[0m

[31m[ 10:02:27 ]  [0m [32mAditya Singh @De_etz [218097685][0m [33mThe Taco Federation (OHIO-ist) [-18328860][0m [35mGroup[0m

[1m[34m/slap[0m[0m
plugin slap triggered: ^[!/](slap)$
Connection failed
[0m

[31m[ 11:08:41 ]  [0m [32mAditya Singh @De_etz [218097685][0m [35mPrivate[0m

[1m[34m/help[0m[0m
plugin help triggered: ^[/!#](help)$
[0m

[31m[ 14:05:24 ]  [0m [32mAditya Singh @De_etz [218097685][0m [33mThe Taco Federation (OHIO-ist) [-18328860][0m [35mGroup[0m

[1m[34m/slap[0m[0m
plugin slap triggered: ^[!/](slap)$
[0m

[31m[ 14:05:51 ]  [0m [32mAditya Singh @De_etz [218097685][0m [33mThe Taco Federation (OHIO-ist) [-18328860][0m [35mGroup[0m

[1m[34m/slap[0m[0m
plugin slap triggered: ^[!/](slap)$
[0m

[31m[ 14:05:54 ]  [0m [32mSujan Kakumanu @TheAdventuresOfSujan [75847313][0m [33mThe Taco Federation (OHIO-ist) [-18328860][0m [35mGroup[0m

[1m[34m/slap[0m[0m
plugin slap triggered: ^[!/](slap)$
[0m

[31m[ 14:06:20 ]  [0m [32mSope Rey @xSoperman [376330771][0m [33mThe Taco Federation (OHIO-ist) [-18328860][0m [35mGroup[0m

[1m[34m/slap[0m[0m
plugin slap triggered: ^[!/](slap)$
Connection failed
Connection failed
[0m

[31m[ 17:06:09 ]  [0m [32mSujan Kakumanu @TheAdventuresOfSujan [75847313][0m [33mThe Taco Federation (OHIO-ist) [-18328860][0m [35mGroup[0m

[1m[34m/slap[0m[0m
plugin slap triggered: ^[!/](slap)$
[0m

[31m[ 17:06:54 ]  [0m [32mSujan Kakumanu @TheAdventuresOfSujan [75847313][0m [35mPrivate[0m

[1m[34m/start[0m[0m
plugin help triggered: ^[/!#](start)$
[0m

[31m[ 17:10:01 ]  [0m [32mMatthew Walker [418338247][0m [35mPrivate[0m

[1m[34m/start[0m[0m
plugin help triggered: ^[/!#](start)$
[0m

[31m[ 17:10:09 ]  [0m [32mMatthew Walker [418338247][0m [35mPrivate[0m

[1m[34mOi vey[0m[0m
[0m

[31m[ 17:10:23 ]  [0m [32mMatthew Walker [418338247][0m [35mPrivate[0m

[1m[34m/dogify me[0m[0m
plugin dogify triggered: ^[/!#]dogify (.*)
url to download: http://dogr.io/me.png?split=false&.png
Saved to: .tmp/dog.png
  % Total    % Received % Xferd  Average Speed   Time    Time     Time  Current
                                 Dload  Upload   Total   Spent    Left  Speed
  0     0    0     0    0     0      0      0 --:--:-- --:--:-- --:--:--     0  0     0    0     0    0     0      0      0 --:--:-- --:--:-- --:--:--     0  0     0    0     0    0     0      0      0 --:--:--  0:00:01 --:--:--     0 28  399k    0     0   28  112k      0  53798  0:00:07  0:00:02  0:00:05 53789100  399k    0     0  100  399k      0   105k  0:00:03  0:00:03 --:--:--  105k100  400k  100   580  100  399k    140  98773  0:00:04  0:00:04 --:--:-- 98776100  400k  100   580  100  399k    140  98757  0:00:04  0:00:04 --:--:--   99k
-e 

        [31;47mJack Telegram Bot[0m

         By Iman Daneshi

              [5mV 1.0[0m

[0m[1m[31m@terimaabot
Baba Ramdev
311520970[0m
[0m
[0m[30m[47m110626080[0m[1m[32m Added as admin[0m[0m
[0m[30m[47m123456789[0m[1m[32m Added as admin[0m[0m
[0m[30m[47m218097685[0m[1m[32m Added as admin[0m[0m


[0mPlugin [30m[47madmin[0m loaded[0m
[0mPlugin [30m[47mcalculator[0m loaded[0m
[0mPlugin [30m[47mcurrency[0m loaded[0m
[0mPlugin [30m[47mdogify[0m loaded[0m
[0mPlugin [30m[47mget[0m loaded[0m
[0mPlugin [30m[47mgiphy[0m loaded[0m
[0mPlugin [30m[47mhelp[0m loaded[0m
[0mPlugin [30m[47mipinfo[0m loaded[0m
[0mPlugin [30m[47mlmgtfy[0m loaded[0m
[0mPlugin [30m[47mlocation[0m loaded[0m
[0mPlugin [30m[47mme[0m loaded[0m
[0mPlugin [30m[47mpoll[0m loaded[0m
[0mPlugin [30m[47mreactions[0m loaded[0m
[0mPlugin [30m[47mremind[0m loaded[0m
[0mPlugin [30m[47mset[0m loaded[0m
[0mPlugin [30m[47mslap[0m loaded[0m
[0mPlugin [30m[47mstats[0m loaded[0m
[0mPlugin [30m[47msticker[0m loaded[0m
[0mPlugin [30m[47mtalk[0m loaded[0m
[0mPlugin [30m[47mtelegramCli[0m loaded[0m
[0mPlugin [30m[47mtranslate[0m loaded[0m
[0mPlugin [30m[47murbandictionary[0m loaded[0m
[0mPlugin [30m[47mweather[0m loaded[0m
[0mPlugin [30m[47mwebshot[0m loaded[0m
[0mPlugin [30m[47mwho[0m loaded[0m
[0mPlugin [30m[47mwikipedia[0m loaded[0m
[0m

[31m[ 11:37:48 ]  [0m [32mAnukriti Tayal [442667301][0m [33mThe Knitting Federation [-1001193534833][0m [35mSupergroup[0m

[1m[34m/ud osu[0m[0m
[0m[31mOld msg[0m[0m
[0m

[31m[ 11:37:48 ]  [0m [32mAmelia Gingras [429577300][0m [33mThe Knitting Federation [-1001193534833][0m [35mSupergroup[0m

[1m[34m/ud osu/[0m[0m
[0m[31mOld msg[0m[0m
[0m

[31m[ 11:37:48 ]  [0m [32mSujan Kakumanu @TheAdventuresOfSujan [75847313][0m [33mThe Knitting Federation [-1001193534833][0m [35mSupergroup[0m

[1m[34m/ud Ohio state[0m[0m
[0m[31mOld msg[0m[0m
[0m

[31m[ 11:37:48 ]  [0m [32mSujan Kakumanu @TheAdventuresOfSujan [75847313][0m [33mThe Taco Federation (OHIO-ist) [-18328860][0m [35mGroup[0m

[1m[34m/ud Ohio[0m[0m
[0m[31mOld msg[0m[0m
[0m

[31m[ 11:37:48 ]  [0m [32mAditya Singh @De_etz [218097685][0m [35mPrivate[0m

[1m[34m/help[0m[0m
[0m[31mOld msg[0m[0m
[0m

[31m[ 11:37:51 ]  [0m [32mAditya Singh @De_etz [218097685][0m [35mPrivate[0m

[1m[34m/help[0m[0m
plugin help triggered: ^[/!#](help)$
[0m

[31m[ 11:37:59 ]  [0m [32mAditya Singh @De_etz [218097685][0m [35mPrivate[0m

[1m[34m/help[0m[0m
plugin help triggered: ^[/!#](help)$
[0m

[31m[ 11:38:42 ]  [0m [32mSujan Kakumanu @TheAdventuresOfSujan [75847313][0m [33mThe Knitting Federation [-1001193534833][0m [35mSupergroup[0m

[1m[34m/ud urban dictionary[0m[0m
plugin urbandictionary triggered: ^[/!#]ud (.*)
[0m

[31m[ 11:44:18 ]  [0m [32mRupal Jindal [487890788][0m [33mThe Knitting Federation [-1001193534833][0m [35mSupergroup[0m

[1m[34m/ud university of Tennessee[0m[0m
plugin urbandictionary triggered: ^[/!#]ud (.*)
[0m

[31m[ 11:45:43 ]  [0m [32mSujan Kakumanu @TheAdventuresOfSujan [75847313][0m [33mThe Knitting Federation [-1001193534833][0m [35mSupergroup[0m

[1m[34m/terimaa[0m[0m
[0m

[31m[ 11:46:09 ]  [0m [32mSujan Kakumanu @TheAdventuresOfSujan [75847313][0m [35mPrivate[0m

[1m[34m/help terimaa[0m[0m
plugin help triggered: ^[/!#](help) (.*)$
[0m

[31m[ 11:46:11 ]  [0m [32mAmelia Gingras [429577300][0m [33mThe Knitting Federation [-1001193534833][0m [35mSupergroup[0m

[1m[34m/terimaa[0m[0m
[0m

[31m[ 11:46:14 ]  [0m [32mAmelia Gingras [429577300][0m [33mThe Knitting Federation [-1001193534833][0m [35mSupergroup[0m

[1m[34m/terimaa[0m[0m
[0m

[31m[ 11:46:19 ]  [0m [32mAmelia Gingras [429577300][0m [33mThe Knitting Federation [-1001193534833][0m [35mSupergroup[0m

[1m[34m/terimaa[0m[0m
[0m

[31m[ 11:46:24 ]  [0m [32mRupal Jindal [487890788][0m [33mThe Knitting Federation [-1001193534833][0m [35mSupergroup[0m

[1m[34m/ud Knoxville[0m[0m
plugin urbandictionary triggered: ^[/!#]ud (.*)
[0m

[31m[ 11:46:33 ]  [0m [32mRupal Jindal [487890788][0m [33mThe Knitting Federation [-1001193534833][0m [35mSupergroup[0m

[1m[34m/terimaa[0m[0m
[0m

[31m[ 11:46:42 ]  [0m [32mSujan Kakumanu @TheAdventuresOfSujan [75847313][0m [33mThe Knitting Federation [-1001193534833][0m [35mSupergroup[0m

[1m[34m/slap[0m[0m
plugin slap triggered: ^[!/](slap)$
[0m

[31m[ 11:47:18 ]  [0m [32mAmelia Gingras [429577300][0m [33mThe Knitting Federation [-1001193534833][0m [35mSupergroup[0m

[1m[34m/slap[0m[0m
plugin slap triggered: ^[!/](slap)$
[0m

[31m[ 11:47:25 ]  [0m [32mSujan Kakumanu @TheAdventuresOfSujan [75847313][0m [35mPrivate[0m

[1m[34m/help stats[0m[0m
plugin help triggered: ^[/!#](help) (.*)$
[0m

[31m[ 11:48:10 ]  [0m [32mMatthew Walker [418338247][0m [33mThe Knitting Federation [-1001193534833][0m [35mSupergroup[0m

[1m[34m/slap[0m[0m
plugin slap triggered: ^[!/](slap)$
[0m

[31m[ 12:01:08 ]  [0m [32mMatthew Walker [418338247][0m [33mThe Knitting Federation [-1001193534833][0m [35mSupergroup[0m

[1m[34m/slap[0m[0m
plugin slap triggered: ^[!/](slap)$
[0m

[31m[ 12:01:51 ]  [0m [32mAmelia Gingras [429577300][0m [33mThe Knitting Federation [-1001193534833][0m [35mSupergroup[0m

